events.js:141
      throw er; // Unhandled 'error' event
      ^

Error: listen EADDRINUSE :::3000
    at Object.exports._errnoException (util.js:874:11)
    at exports._exceptionWithHostPort (util.js:897:20)
    at Server._listen2 (net.js:1234:14)
    at listen (net.js:1270:10)
    at Server.listen (net.js:1366:5)
    at EventEmitter.listen (/Users/nc/work/wires/wires-forever/node_modules/express/lib/application.js:617:24)
    at Object.<anonymous> (/Users/nc/work/wires/wires-forever/app.js:5:5)
    at Module._compile (module.js:435:26)
    at Object.Module._extensions..js (module.js:442:10)
    at Module.load (module.js:356:32)
events.js:141
      throw er; // Unhandled 'error' event
      ^

Error: listen EADDRINUSE :::3000
    at Object.exports._errnoException (util.js:874:11)
    at exports._exceptionWithHostPort (util.js:897:20)
    at Server._listen2 (net.js:1234:14)
    at listen (net.js:1270:10)
    at Server.listen (net.js:1366:5)
    at EventEmitter.listen (/Users/nc/work/wires/wires-forever/node_modules/express/lib/application.js:617:24)
    at Object.<anonymous> (/Users/nc/work/wires/wires-forever/app.js:5:5)
    at Module._compile (module.js:435:26)
    at Object.Module._extensions..js (module.js:442:10)
    at Module.load (module.js:356:32)
events.js:141
      throw er; // Unhandled 'error' event
      ^

Error: listen EADDRINUSE :::3000
    at Object.exports._errnoException (util.js:874:11)
    at exports._exceptionWithHostPort (util.js:897:20)
    at Server._listen2 (net.js:1234:14)
    at listen (net.js:1270:10)
    at Server.listen (net.js:1366:5)
    at EventEmitter.listen (/Users/nc/work/wires/wires-forever/node_modules/express/lib/application.js:617:24)
    at Object.<anonymous> (/Users/nc/work/wires/wires-forever/app.js:5:5)
    at Module._compile (module.js:435:26)
    at Object.Module._extensions..js (module.js:442:10)
    at Module.load (module.js:356:32)
events.js:141
      throw er; // Unhandled 'error' event
      ^

Error: listen EADDRINUSE :::3000
    at Object.exports._errnoException (util.js:874:11)
    at exports._exceptionWithHostPort (util.js:897:20)
    at Server._listen2 (net.js:1234:14)
    at listen (net.js:1270:10)
    at Server.listen (net.js:1366:5)
    at EventEmitter.listen (/Users/nc/work/wires/wires-forever/node_modules/express/lib/application.js:617:24)
    at Object.<anonymous> (/Users/nc/work/wires/wires-forever/app.js:5:5)
    at Module._compile (module.js:435:26)
    at Object.Module._extensions..js (module.js:442:10)
    at Module.load (module.js:356:32)
events.js:141
      throw er; // Unhandled 'error' event
      ^

Error: listen EADDRINUSE :::3000
    at Object.exports._errnoException (util.js:874:11)
    at exports._exceptionWithHostPort (util.js:897:20)
    at Server._listen2 (net.js:1234:14)
    at listen (net.js:1270:10)
    at Server.listen (net.js:1366:5)
    at EventEmitter.listen (/Users/nc/work/wires/wires-forever/node_modules/express/lib/application.js:617:24)
    at Object.<anonymous> (/Users/nc/work/wires/wires-forever/app.js:5:5)
    at Module._compile (module.js:435:26)
    at Object.Module._extensions..js (module.js:442:10)
    at Module.load (module.js:356:32)
events.js:141
      throw er; // Unhandled 'error' event
      ^

Error: listen EADDRINUSE :::3000
    at Object.exports._errnoException (util.js:874:11)
    at exports._exceptionWithHostPort (util.js:897:20)
    at Server._listen2 (net.js:1234:14)
    at listen (net.js:1270:10)
    at Server.listen (net.js:1366:5)
    at EventEmitter.listen (/Users/nc/work/wires/wires-forever/node_modules/express/lib/application.js:617:24)
    at Object.<anonymous> (/Users/nc/work/wires/wires-forever/app.js:5:5)
    at Module._compile (module.js:435:26)
    at Object.Module._extensions..js (module.js:442:10)
    at Module.load (module.js:356:32)
events.js:141
      throw er; // Unhandled 'error' event
      ^

Error: listen EADDRINUSE :::3000
    at Object.exports._errnoException (util.js:874:11)
    at exports._exceptionWithHostPort (util.js:897:20)
    at Server._listen2 (net.js:1234:14)
    at listen (net.js:1270:10)
    at Server.listen (net.js:1366:5)
    at EventEmitter.listen (/Users/nc/work/wires/wires-forever/node_modules/express/lib/application.js:617:24)
    at Object.<anonymous> (/Users/nc/work/wires/wires-forever/app.js:5:5)
    at Module._compile (module.js:435:26)
    at Object.Module._extensions..js (module.js:442:10)
    at Module.load (module.js:356:32)
events.js:141
      throw er; // Unhandled 'error' event
      ^

Error: listen EADDRINUSE :::3000
    at Object.exports._errnoException (util.js:874:11)
    at exports._exceptionWithHostPort (util.js:897:20)
    at Server._listen2 (net.js:1234:14)
    at listen (net.js:1270:10)
    at Server.listen (net.js:1366:5)
    at EventEmitter.listen (/Users/nc/work/wires/wires-forever/node_modules/express/lib/application.js:617:24)
    at Object.<anonymous> (/Users/nc/work/wires/wires-forever/app.js:5:5)
    at Module._compile (module.js:435:26)
    at Object.Module._extensions..js (module.js:442:10)
    at Module.load (module.js:356:32)
